34:./combine.moon
0 0 3 3 3 3 1 0 2 0 0 0 1 1 0 5 0 5 5 1 0 4 1 0 6 8 4 0 3 3 1 1 1 1 
163:/Users/aric.hasting/.luaver/luarocks/2.4.4_5.1/share/lua/5.1/busted/block.lua
0 0 0 0 0 0 0 0 0 0 0 0 0 0 0 1 1 0 1 85 0 85 86 0 1 5 5 90 85 80 0 0 6 0 0 0 0 0 0 1 0 1 15 0 15 10 10 0 0 0 0 15 3 0 15 15 12 0 0 3 3 0 0 0 0 0 0 3 0 3 1 0 1 18 0 18 10 10 0 0 0 0 18 0 18 18 0 0 0 0 0 18 1 0 1 21 21 0 21 21 0 0 0 0 0 0 21 10 0 0 0 21 1 0 1 5 1 0 1 3 3 3 0 4 0 1 3 1 0 1 3 1 0 1 2 0 2 2 2 0 0 0 0 2 0 2 2 0 0 2 0 0 0 2 2 0 0 2 2 0 3 0 1 
124:/Users/aric.hasting/.luaver/luarocks/2.4.4_5.1/share/lua/5.1/busted/context.lua
0 0 0 1 43 42 0 1 1 1 1 1 0 0 0 1 43 42 0 126 125 0 1 0 0 0 0 0 0 0 0 0 0 0 0 0 0 0 0 0 0 0 0 0 0 0 0 0 0 0 0 0 0 0 0 0 0 0 7 7 1 6 0 6 0 0 7 7 0 0 7 7 0 0 7 1 0 7 0 0 115 0 0 0 0 0 0 0 0 0 0 0 0 0 0 0 0 0 7 7 7 7 0 0 4 0 0 0 359 0 0 0 30 30 30 30 30 0 0 30 30 30 30 30 
315:/Users/aric.hasting/.luaver/luarocks/2.4.4_5.1/share/lua/5.1/busted/core.lua
0 0 0 0 0 0 0 0 0 0 0 0 0 0 0 0 0 0 0 0 0 0 0 0 0 0 0 0 0 0 0 0 0 0 0 0 0 0 0 0 1 0 0 0 0 0 0 0 0 0 0 0 0 0 0 0 0 0 0 0 0 0 0 0 0 0 0 0 0 6 6 0 6 6 6 6 0 0 0 0 6 6 0 6 6 0 0 0 0 0 0 0 0 0 0 0 0 0 0 0 0 0 0 0 24 0 0 0 31 0 0 0 0 0 0 0 6 0 6 6 1 1 1 1 1 1 0 0 5 5 5 5 5 5 0 0 0 0 0 0 0 0 0 0 0 0 0 0 0 0 0 0 0 0 0 0 0 0 0 0 0 0 0 0 0 0 1 0 1 0 1 0 0 30 30 30 0 60 0 0 0 60 0 30 0 0 0 0 0 0 0 0 0 0 0 0 0 0 0 0 0 0 30 0 30 30 0 0 0 16 16 16 8 8 8 8 8 8 0 32 16 32 16 0 0 0 0 0 0 0 0 0 0 0 0 0 0 0 0 0 0 0 0 0 0 0 0 0 0 0 0 0 0 0 0 0 0 0 7 0 0 0 0 7 0 7 7 6 0 0 0 7 14 0 7 7 0 0 0 0 0 0 7 7 7 7 7 7 7 7 7 7 7 7 0 0 7 0 7 3 0 4 0 7 0 0 0 3 10 7 7 14 7 0 3 
31:/Users/aric.hasting/.luaver/luarocks/2.4.4_5.1/share/lua/5.1/busted/environment.lua
0 0 0 0 0 0 0 364 0 363 271 363 0 0 0 0 0 0 0 0 93 0 0 0 0 0 0 0 0 0 1 
72:/Users/aric.hasting/.luaver/luarocks/2.4.4_5.1/share/lua/5.1/busted/execute.lua
1 1 1 0 0 0 0 0 0 0 0 0 1 0 0 1 0 0 1 1 0 0 0 0 0 0 0 0 0 0 0 0 0 0 0 0 0 0 1 0 2 1 0 0 0 0 0 1 0 0 1 0 0 0 1 1 1 1 0 1 1 0 1 0 1 0 0 0 2 0 1 1 
127:/Users/aric.hasting/.luaver/luarocks/2.4.4_5.1/share/lua/5.1/busted/init.lua
0 0 0 0 1 1 1 0 1 1 0 0 1 1 1 0 1 1 0 0 5 5 0 5 0 0 0 0 5 0 5 5 5 0 5 0 5 5 5 5 5 0 0 0 0 0 0 5 0 0 5 5 0 0 0 0 0 0 0 0 0 0 0 0 0 0 0 0 0 0 0 0 0 0 0 0 0 0 0 0 0 0 0 0 0 0 0 0 0 0 0 0 0 0 0 0 0 0 0 0 0 0 0 0 0 0 0 0 0 0 0 0 0 0 0 0 0 0 0 0 0 0 0 0 0 0 27 
49:/Users/aric.hasting/.luaver/luarocks/2.4.4_5.1/share/lua/5.1/busted/languages/en.lua
1 0 1 0 0 1 1 1 1 0 1 1 1 1 0 1 1 1 1 0 1 1 1 1 0 1 0 1 0 0 1 1 1 1 1 1 1 1 1 0 1 1 1 1 1 1 0 1 1 
23:/Users/aric.hasting/.luaver/luarocks/2.4.4_5.1/share/lua/5.1/busted/modules/files/lua.lua
1 0 1 0 0 0 0 0 1 0 0 1 1 0 0 0 0 0 0 0 1 0 1 
107:/Users/aric.hasting/.luaver/luarocks/2.4.4_5.1/share/lua/5.1/busted/modules/files/moonscript.lua
1 0 2 1 1 0 1 0 0 0 16 1 1 1 0 0 16 1 0 0 20 20 20 16 16 0 0 0 0 4 1 0 0 0 0 14 1 0 0 0 24 0 24 0 24 8 8 8 8 0 0 0 24 6 0 6 6 0 18 12 12 12 12 0 0 6 1 0 1 0 0 6 6 0 6 6 6 6 0 6 1 0 0 0 0 0 0 0 0 0 0 0 1 0 0 1 1 0 0 1 1 0 0 1 1 0 1 
103:/Users/aric.hasting/.luaver/luarocks/2.4.4_5.1/share/lua/5.1/busted/modules/filter_loader.lua
0 0 0 5 5 0 10 10 5 5 0 0 5 1 0 0 0 0 1 0 0 6 0 0 0 0 6 1 0 0 5 5 0 0 0 0 5 1 0 0 6 0 0 0 0 6 1 0 0 5 0 0 0 0 5 1 0 0 0 0 0 0 0 0 0 1 0 0 0 1 0 0 0 1 0 0 8 14 10 0 0 9 0 1 0 0 0 0 0 0 0 0 1 1 1 1 0 0 1 1 1 1 1 
32:/Users/aric.hasting/.luaver/luarocks/2.4.4_5.1/share/lua/5.1/busted/modules/output_handler_loader.lua
0 0 0 0 0 0 0 2 1 0 1 0 0 1 0 2 0 1 0 0 0 1 0 0 0 0 1 0 0 0 1 1 
100:/Users/aric.hasting/.luaver/luarocks/2.4.4_5.1/share/lua/5.1/busted/modules/test_file_loader.lua
1 0 0 1 1 1 1 0 3 2 2 0 0 0 0 0 1 0 1 1 1 0 2 1 1 0 0 0 0 1 1 1 0 0 0 2 0 2 1 0 0 1 0 2 0 0 0 0 1 1 1 0 0 1 2 1 0 1 1 0 0 0 2 2 1 0 0 1 0 0 1 0 2 1 0 1 2 1 1 1 1 0 0 1 0 0 0 1 0 0 0 0 0 0 0 1 1 0 1 1 
179:/Users/aric.hasting/.luaver/luarocks/2.4.4_5.1/share/lua/5.1/busted/outputHandlers/base.lua
0 1 1 1 1 1 1 1 1 1 1 1 0 0 0 15 1 0 0 1 1 0 1 0 0 0 1 1 1 1 1 1 1 1 1 1 2 0 0 5 5 0 10 10 0 5 5 0 0 5 1 0 0 0 5 60 55 45 0 0 5 5 0 5 5 5 5 5 5 5 0 5 0 5 1 0 0 1 0 0 0 1 1 0 0 1 1 1 1 0 0 0 0 0 0 0 0 0 0 0 0 0 1 0 0 1 1 1 1 0 0 5 5 1 0 0 0 0 5 5 5 0 0 0 0 0 0 0 0 0 0 0 0 0 5 0 5 5 5 0 0 0 5 0 0 5 0 5 1 0 0 0 0 0 0 1 0 0 0 0 1 0 0 0 0 0 1 0 0 0 0 0 0 0 0 1 0 1 1 
187:/Users/aric.hasting/.luaver/luarocks/2.4.4_5.1/share/lua/5.1/busted/outputHandlers/utfTerminal.lua
1 1 0 1 0 1 0 0 0 1 0 0 0 1 1 0 1 1 1 1 0 0 0 0 0 0 0 0 0 0 0 0 0 0 0 0 1 0 0 0 0 0 0 0 0 0 0 0 0 1 0 0 0 0 0 0 0 0 0 0 0 0 0 0 0 0 0 0 0 0 0 0 0 0 1 0 0 1 1 1 1 0 1 1 1 1 1 0 1 0 1 0 0 0 1 1 0 0 0 0 1 1 0 0 0 0 1 1 0 0 0 0 1 0 1 1 1 1 1 1 0 0 5 5 0 5 0 5 0 5 0 0 0 5 5 0 0 5 1 0 0 1 1 1 0 1 1 0 0 1 1 0 1 0 0 0 0 1 0 0 0 0 1 0 0 0 0 1 1 0 0 0 0 0 0 1 0 1 1 1 1 1 1 1 0 1 1 
185:/Users/aric.hasting/.luaver/luarocks/2.4.4_5.1/share/lua/5.1/busted/runner.lua
0 0 0 0 0 0 0 0 0 0 0 0 0 0 0 0 0 0 0 0 0 0 0 0 0 0 0 0 0 0 0 0 0 0 0 0 0 0 0 0 0 0 0 0 0 0 0 0 0 0 0 0 0 0 0 0 0 0 0 0 0 1 0 0 0 0 1 0 0 0 0 0 1 1 0 0 1 1 0 0 0 1 1 0 0 0 0 0 1 1 1 0 2 0 0 1 0 2 0 0 1 0 2 0 0 0 1 0 2 0 0 0 0 0 0 0 1 0 0 1 1 1 0 0 2 1 1 1 1 1 1 1 0 0 0 2 1 1 1 1 1 1 0 0 0 1 0 0 0 0 0 0 0 0 1 1 1 2 1 1 1 0 0 0 1 0 0 0 0 0 0 1 1 2 1 1 1 0 0 1 0 1 0 0 1 
42:/Users/aric.hasting/.luaver/luarocks/2.4.4_5.1/share/lua/5.1/busted/status.lua
0 40 40 40 40 40 40 40 40 0 40 0 0 0 35 35 53 35 35 35 0 0 0 35 0 0 0 35 0 0 0 5 5 5 0 40 0 0 70 35 45 35 
24:/Users/aric.hasting/.luaver/luarocks/2.4.4_5.1/share/lua/5.1/busted/utils.lua
0 0 0 0 0 0 0 0 0 0 0 0 0 0 0 1 1 1 1 1 5 4 0 1 
243:/Users/aric.hasting/.luaver/luarocks/2.4.4_5.1/share/lua/5.1/luarocks/loader.lua
0 0 0 0 0 0 0 0 0 0 0 0 0 0 0 0 0 0 0 0 0 0 0 0 0 0 0 0 0 0 0 0 0 0 0 0 0 0 0 0 0 0 0 0 0 0 0 0 0 0 0 0 0 0 0 0 0 0 0 0 0 0 0 0 0 0 0 0 0 0 0 0 0 0 0 0 0 0 0 9 0 0 0 0 0 0 9 9 0 0 0 0 0 0 0 0 0 0 0 0 0 0 0 0 0 0 0 0 0 0 0 0 0 0 0 0 0 0 0 0 0 0 0 0 0 0 0 0 0 0 0 0 0 0 0 0 0 0 0 0 0 0 0 0 36 36 27 27 9 0 0 0 0 0 0 0 0 0 0 0 0 0 0 0 0 0 0 0 0 0 0 10 0 0 0 10 21 20 20 9 9 9 9 0 0 9 9 9 0 0 0 0 0 0 0 1 0 0 0 0 1 0 0 0 0 0 0 0 0 0 0 20 9 0 0 9 10 0 0 0 0 0 0 0 0 0 0 0 0 0 0 0 0 0 0 0 0 10 10 1 0 9 9 
257:/Users/aric.hasting/.luaver/luarocks/2.4.4_5.1/share/lua/5.1/luarocks/path.lua
0 0 0 0 0 0 0 0 0 0 0 0 0 0 0 0 0 0 0 0 0 0 0 0 0 0 0 0 0 0 0 0 0 0 0 0 0 0 0 0 0 0 0 0 0 0 0 0 0 0 0 0 0 0 0 0 0 0 0 0 0 0 0 0 0 0 0 0 0 0 0 0 0 0 0 0 0 0 0 0 0 0 0 0 0 0 0 0 0 0 0 0 0 0 0 0 0 0 0 0 0 0 0 0 0 0 0 0 0 0 0 0 0 0 0 0 0 0 0 0 0 0 0 0 0 0 0 0 0 0 0 0 0 0 0 0 0 0 0 0 0 0 0 0 0 0 0 0 0 0 0 0 0 0 0 0 0 0 0 0 0 0 0 0 0 0 0 0 0 0 0 0 0 0 0 0 0 0 0 0 0 0 0 0 0 0 0 0 0 0 0 0 0 0 0 0 0 0 0 0 0 0 0 0 0 0 0 0 0 0 0 0 0 0 0 0 0 0 0 0 0 0 0 0 0 0 0 0 0 0 0 0 0 0 0 0 0 0 0 9 0 9 9 9 9 9 0 0 0 0 0 0 0 0 9 9 9 
162:/Users/aric.hasting/.luaver/luarocks/2.4.4_5.1/share/lua/5.1/luassert/assert.lua
0 0 0 0 0 0 0 0 0 0 0 0 0 0 0 0 0 0 0 0 0 0 0 0 0 6 0 6 0 13 7 0 0 6 13 7 1 0 0 0 6 6 6 0 6 0 0 0 0 0 0 0 0 6 1 0 5 0 0 0 0 0 0 0 0 0 0 0 0 0 0 0 0 13 7 0 0 6 0 0 0 0 6 0 0 0 0 0 0 0 0 0 0 0 0 0 0 0 0 0 0 0 0 0 0 0 0 0 0 0 0 0 0 0 0 0 0 0 0 0 0 0 0 0 0 0 0 0 0 0 0 0 0 0 0 0 0 0 0 0 0 0 0 0 0 0 0 0 0 0 0 0 0 5 0 0 0 5 0 0 0 6 
175:/Users/aric.hasting/.luaver/luarocks/2.4.4_5.1/share/lua/5.1/luassert/assertions.lua
0 0 0 0 0 0 0 0 0 0 0 0 0 0 0 0 0 0 6 0 0 6 0 0 0 0 0 0 0 0 0 0 0 0 0 0 0 0 0 0 0 0 0 0 0 0 0 0 0 0 0 0 0 0 0 0 0 0 0 0 0 0 0 0 0 0 0 0 0 0 0 0 0 0 0 0 0 0 0 0 0 0 0 0 0 0 0 0 0 0 0 0 0 0 0 0 0 0 0 0 0 0 0 0 0 0 0 0 0 0 0 0 1 1 1 1 0 1 1 1 0 0 0 3 3 3 3 3 0 3 3 3 3 3 3 0 0 0 0 0 0 0 0 0 1 1 0 0 0 1 0 0 0 1 1 1 1 1 1 1 1 0 1 0 1 1 1 1 1 1 1 1 0 1 1 
5:/Users/aric.hasting/.luaver/luarocks/2.4.4_5.1/share/lua/5.1/luassert/modifiers.lua
0 0 0 0 1 
283:/Users/aric.hasting/.luaver/luarocks/2.4.4_5.1/share/lua/5.1/luassert/util.lua
0 0 9 9 0 9 3 3 0 3 0 0 0 3 0 0 0 3 3 3 3 3 0 0 0 3 0 0 0 3 3 0 9 6 6 0 0 0 6 6 0 0 0 0 0 9 0 0 6 0 0 3 3 0 3 0 0 0 1 1 3 2 0 1 0 0 0 0 0 0 0 0 0 0 0 0 0 0 0 0 0 0 0 0 0 0 0 0 0 0 0 0 0 0 0 0 0 0 0 0 0 0 0 0 0 0 0 0 0 0 0 0 0 0 0 0 0 0 0 0 0 0 0 0 0 0 0 0 0 0 0 0 0 0 0 0 0 0 0 0 0 0 0 0 0 0 0 0 0 0 0 0 0 4 4 4 4 4 4 0 0 0 0 4 4 0 4 0 0 0 0 0 8 4 0 0 4 4 0 0 0 0 0 0 0 0 0 4 4 0 4 0 0 0 0 0 4 0 8 4 0 0 4 4 4 0 0 0 0 0 0 0 0 0 1 0 0 0 0 0 0 0 0 0 0 0 0 0 0 0 0 0 6 6 6 6 17 11 11 11 0 6 6 0 0 0 0 0 0 0 0 6 0 0 6 6 6 13 7 7 0 0 7 7 0 0 0 0 0 0 7 7 7 0 7 0 0 0 6 0 0 0 6 
154:/Users/aric.hasting/.luaver/luarocks/2.4.4_5.1/share/lua/5.1/mediator.lua
0 31 0 0 0 31 31 31 31 0 0 0 0 0 31 0 31 31 0 0 0 0 0 25 25 25 25 25 25 0 0 31 31 0 31 0 31 20 20 0 15 0 0 31 0 31 25 0 0 0 0 0 0 0 0 0 0 0 0 25 0 0 0 0 0 0 0 0 25 0 0 25 25 25 0 0 0 25 0 0 104 25 0 0 0 0 0 0 0 0 0 0 0 25 0 0 98 48 0 0 48 0 48 0 48 48 0 0 0 50 33 0 17 0 25 25 0 0 0 0 0 0 0 0 0 0 0 0 0 0 0 55 0 159 104 0 0 55 0 0 0 31 0 0 0 0 0 0 0 0 0 0 0 24 
109:/Users/aric.hasting/.luaver/luarocks/2.4.4_5.1/share/lua/5.1/moonscript/base.lua
0 0 0 0 0 0 0 0 0 0 0 0 0 0 0 0 0 0 0 0 0 0 0 0 0 0 0 0 0 0 0 0 0 0 0 0 0 0 0 0 0 0 0 0 0 0 0 0 2 0 0 2 0 0 0 2 2 0 0 2 2 0 0 2 0 0 10 10 95 86 86 86 1 0 0 10 1 1 1 1 0 0 1 0 9 0 0 2 2 2 2 0 0 2 2 0 4 2 0 4 0 0 1 1 0 0 1 1 1 
730:/Users/aric.hasting/.luaver/luarocks/2.4.4_5.1/share/lua/5.1/moonscript/compile.lua
0 0 0 0 0 0 0 0 0 0 0 0 0 0 0 0 0 0 0 0 0 0 0 0 0 0 0 0 0 0 0 138 138 0 138 133 0 138 0 248 248 61 187 5 0 182 0 248 0 0 29 2 0 29 2 0 29 146 117 117 90 90 90 0 0 90 27 27 27 0 0 0 0 29 0 0 29 2 0 29 2 0 146 117 117 117 0 0 0 117 117 90 78 0 90 90 34 34 0 0 0 90 27 27 0 0 0 0 29 0 0 0 0 0 0 0 0 0 0 0 0 0 0 0 0 0 0 0 0 0 0 0 53 53 0 0 0 0 0 53 53 53 0 0 0 0 0 0 0 0 0 0 124 74 74 25 0 0 50 0 0 980 169 128 0 642 473 473 169 0 811 0 980 153 0 827 0 61 61 0 82 82 61 374 313 313 313 22 86 64 64 43 0 21 21 21 0 22 0 291 0 0 61 61 0 61 0 0 0 0 0 0 0 230 0 0 0 0 0 230 230 230 0 0 0 0 0 0 0 0 0 0 0 0 0 0 0 0 0 0 0 0 0 0 0 0 0 0 0 0 0 0 0 0 0 0 0 0 0 0 0 0 0 0 0 0 0 0 0 0 0 0 0 0 0 0 0 0 0 0 0 0 12 12 0 0 0 0 0 1 1 1 0 0 0 0 20 20 20 20 0 0 20 0 20 15 5 5 0 20 0 0 0 0 19 19 39 20 0 20 20 20 3 3 0 17 17 0 0 0 17 17 17 17 0 20 0 0 0 19 0 19 0 0 0 0 0 17 0 0 17 0 0 17 0 22 22 22 0 22 0 0 22 22 0 49 0 0 49 49 30 30 0 0 19 0 0 0 1 1 0 0 1 0 0 1 1 0 0 0 1 0 0 0 0 0 0 0 0 0 0 0 0 0 0 0 0 0 0 0 0 0 0 0 0 0 0 0 0 0 0 0 0 0 0 63 63 63 2 0 0 63 0 0 28 28 28 1 1 0 27 1 0 26 26 26 0 0 28 0 0 28 0 0 0 120 120 120 0 0 0 0 0 0 11 11 0 0 4 4 0 0 0 0 0 151 151 151 5 0 146 0 151 151 0 0 0 0 0 0 151 151 141 0 88 88 88 0 0 141 0 151 0 0 22 0 22 44 22 22 60 38 38 38 0 22 22 22 0 0 0 61 0 0 61 61 0 61 61 55 0 6 6 0 0 0 0 0 0 0 0 0 0 0 0 0 61 43 30 0 43 0 61 0 0 22 0 0 22 22 22 83 61 61 0 22 22 22 0 0 0 0 0 0 0 0 0 0 0 0 0 30 30 30 30 30 0 30 30 30 30 0 30 28 28 56 28 0 56 28 28 0 2 0 2 0 0 0 0 0 28 28 28 0 0 0 0 0 0 0 0 0 0 0 0 0 2 2 0 2 0 0 2 2 2 0 2 0 0 0 0 0 0 2 2 2 0 0 0 0 0 0 0 0 0 0 0 0 0 0 0 0 0 2 2 2 0 0 0 0 0 0 0 0 0 0 0 0 0 0 0 0 0 0 0 0 0 0 0 0 0 0 0 0 0 0 0 0 0 0 0 2 0 0 2 2 4 2 2 2 2 0 0 0 0 0 0 0 0 0 0 0 0 0 0 0 0 2 2 2 
230:/Users/aric.hasting/.luaver/luarocks/2.4.4_5.1/share/lua/5.1/moonscript/compile/statement.lua
0 0 0 0 0 0 0 0 0 0 0 0 0 0 0 0 0 0 0 0 0 1 1 1 0 1 2 1 1 2 1 1 1 0 1 1 1 0 0 0 0 0 0 0 0 0 0 0 0 0 0 0 0 0 0 0 0 0 0 16 16 16 16 16 32 16 2 0 16 0 0 16 16 11 0 5 2 0 10 5 5 10 5 5 5 0 5 5 0 16 32 16 16 32 16 16 16 0 16 16 16 0 0 0 30 15 14 0 16 0 0 0 0 0 3 3 0 3 3 3 0 3 3 0 1 1 1 1 1 0 0 0 0 1 1 1 4 4 1 1 0 3 0 0 0 0 0 0 0 0 0 0 0 0 0 0 0 0 0 0 1 3 1 1 2 0 1 2 0 1 1 1 0 0 0 1 1 0 1 1 1 0 0 1 2 1 1 3 2 2 2 0 1 1 1 2 1 1 2 1 1 1 0 1 1 1 1 1 1 0 0 0 0 0 0 0 0 0 0 0 0 0 0 0 0 14 14 0 0 4 
323:/Users/aric.hasting/.luaver/luarocks/2.4.4_5.1/share/lua/5.1/moonscript/compile/value.lua
0 0 0 0 0 0 0 0 0 0 0 0 0 0 0 0 0 0 0 0 0 0 0 0 0 0 0 0 0 0 0 0 9 0 0 9 3 0 3 6 3 3 15 12 9 9 0 0 3 3 3 0 0 0 0 1 2 1 1 3 2 2 2 0 1 1 1 0 0 0 0 0 0 17 17 17 17 0 17 0 0 29 29 29 29 0 0 0 0 0 0 29 0 0 0 0 0 0 0 29 0 35 35 22 13 6 7 7 0 0 0 0 0 0 0 29 29 0 0 29 29 0 0 29 0 29 64 35 35 0 29 0 29 0 0 10 10 10 10 0 10 10 15 5 5 5 5 0 0 0 0 0 0 5 0 0 5 5 5 0 10 0 10 0 0 0 10 10 0 0 15 5 5 0 10 0 0 0 0 0 0 0 0 0 0 0 0 0 0 0 0 0 0 0 0 0 0 0 0 0 0 0 0 0 10 0 10 10 10 0 0 0 0 10 0 10 0 0 0 0 0 0 10 10 0 0 0 0 0 0 0 0 0 0 0 10 10 0 0 0 12 0 12 12 0 18 17 17 0 0 0 0 0 0 17 17 17 0 0 0 17 17 0 1 0 12 12 12 30 18 18 7 0 18 0 0 12 0 0 0 0 0 0 0 0 0 15 0 0 0 0 0 3 0 0 0 0 0 0 0 0 0 0 0 0 0 0 0 0 0 0 56 56 0 0 0 56 0 0 5 1 0 5 
50:/Users/aric.hasting/.luaver/luarocks/2.4.4_5.1/share/lua/5.1/moonscript/data.lua
0 0 0 0 0 0 0 0 0 0 0 0 0 0 0 0 0 0 0 0 0 0 21 0 0 25 25 0 0 25 0 0 0 130 0 0 0 0 0 4 4 0 0 0 0 0 0 4 4 4 
243:/Users/aric.hasting/.luaver/luarocks/2.4.4_5.1/share/lua/5.1/moonscript/parse.lua
0 0 0 0 0 0 0 0 0 0 0 0 0 0 0 0 0 0 0 0 0 0 0 0 15 15 0 15 0 0 0 0 0 0 0 2 2 2 2 0 2 0 81 81 2 2 0 49 49 18 18 0 33 2 0 0 0 2 2 0 18 18 2 2 0 0 0 0 0 0 2 2 0 3 3 2 2 0 3 3 2 2 2 2 2 0 80 80 2 2 0 30 30 4 4 0 30 2 4 134 0 0 134 4 2 2 2 4 2 2 2 2 2 2 2 2 2 2 2 2 2 2 2 2 2 2 2 2 2 2 2 2 2 2 2 2 2 2 2 2 2 2 2 2 2 2 2 2 2 2 2 2 2 2 2 2 2 2 2 2 2 2 2 2 2 2 2 2 2 2 2 2 2 2 2 2 2 2 2 2 2 2 2 2 2 2 2 2 2 2 2 2 2 2 2 2 2 2 2 2 2 2 2 0 0 0 2 2 2 0 0 4 2 4 0 2 2 0 0 2 0 0 0 0 0 0 0 0 0 0 0 0 0 0 2 2 2 0 0 0 0 0 2 
62:/Users/aric.hasting/.luaver/luarocks/2.4.4_5.1/share/lua/5.1/moonscript/parse/env.lua
0 0 0 0 0 0 0 0 0 0 0 0 0 0 0 0 0 0 0 0 0 0 0 0 0 0 0 0 0 0 0 0 0 0 0 0 0 0 0 0 0 0 0 0 0 0 0 0 0 0 0 0 0 0 0 481 481 21 0 460 460 460 
10:/Users/aric.hasting/.luaver/luarocks/2.4.4_5.1/share/lua/5.1/moonscript/parse/literals.lua
0 0 0 0 0 0 0 0 0 6 
282:/Users/aric.hasting/.luaver/luarocks/2.4.4_5.1/share/lua/5.1/moonscript/parse/util.lua
0 0 0 0 0 0 0 0 0 0 0 0 0 130 472 342 342 342 0 0 0 0 130 0 0 0 4 0 0 0 14 0 0 0 0 0 0 0 0 0 0 0 0 0 0 0 0 0 0 0 0 0 0 0 0 0 0 0 0 0 0 0 0 0 0 0 0 0 0 0 0 0 0 0 0 0 0 0 0 0 0 0 0 0 0 0 0 0 0 0 0 0 0 0 0 0 0 0 180 180 0 180 116 0 0 0 8 235 234 0 235 8 0 0 0 0 0 0 0 0 0 0 0 0 0 0 144 141 0 3 3 2 0 0 0 0 0 0 0 0 0 15 0 0 15 15 14 1 1 0 0 0 0 0 0 0 0 0 0 0 0 0 0 0 0 0 35 20 0 30 15 15 0 0 0 0 0 0 15 15 15 15 15 15 15 15 0 0 0 0 0 0 0 0 0 0 0 0 0 3 0 0 0 0 3 0 0 0 0 142 0 0 0 18 0 0 0 4 4 2 2 0 2 0 4 0 0 0 0 0 0 0 0 0 0 0 0 67 47 0 20 20 0 20 20 5 5 0 15 15 15 0 15 0 0 0 42 42 0 0 0 0 0 0 0 0 0 0 0 0 0 1 0 1 0 1 0 1 1 1 1 1 
226:/Users/aric.hasting/.luaver/luarocks/2.4.4_5.1/share/lua/5.1/moonscript/transform/destructure.lua
0 0 0 0 0 0 0 0 0 0 0 0 0 0 0 0 1 1 1 0 1 3 2 3 1 1 1 0 0 1 0 0 0 0 33 17 17 1 0 0 16 0 0 0 1 1 0 1 1 0 1 1 2 1 1 1 0 0 0 0 0 0 0 0 0 0 1 1 1 1 1 0 0 1 1 0 1 1 0 0 0 0 0 0 1 0 2 0 2 1 1 2 1 0 2 0 0 0 0 0 0 1 0 0 0 1 1 1 1 1 1 0 1 1 1 1 0 0 0 0 0 0 0 0 0 0 0 0 0 0 2 1 1 1 1 1 0 0 0 1 0 2 0 1 0 1 0 1 0 0 0 1 1 1 1 1 2 1 1 0 0 0 0 0 0 0 0 0 0 0 0 0 0 0 0 0 0 0 0 0 0 0 1 1 0 0 1 0 0 0 0 0 0 0 0 0 0 0 0 0 0 0 0 0 0 0 0 0 0 0 0 0 0 0 0 0 0 0 0 0 0 0 0 0 0 1 
60:/Users/aric.hasting/.luaver/luarocks/2.4.4_5.1/share/lua/5.1/moonscript/transform/names.lua
0 0 0 0 0 0 0 0 0 0 0 0 0 0 0 0 0 0 0 0 0 0 0 0 0 0 0 0 0 0 0 0 0 0 0 0 0 0 0 0 0 0 0 0 0 1 1 0 1 2 1 0 0 0 0 0 1 0 0 1 
719:/Users/aric.hasting/.luaver/luarocks/2.4.4_5.1/share/lua/5.1/moonscript/transform/statement.lua
0 0 0 0 0 0 0 0 0 0 0 0 0 0 0 0 0 0 0 0 0 0 0 0 0 2 4 4 0 0 0 0 0 2 2 2 4 2 2 0 0 0 0 0 0 0 0 0 0 0 0 0 0 0 0 0 0 0 0 0 0 0 0 0 0 0 0 0 0 0 0 0 0 0 0 0 0 0 0 0 0 0 0 0 0 0 0 0 0 0 0 0 2 2 0 0 0 0 0 0 0 0 0 0 0 0 0 0 0 0 0 0 0 0 0 0 0 0 0 0 0 0 0 0 0 0 0 0 0 0 0 0 0 0 0 0 0 0 0 0 6 2 2 0 0 0 0 0 0 0 0 0 0 0 0 0 0 0 0 0 4 0 0 0 0 14 14 0 0 2 0 0 15 15 15 3 3 0 15 0 0 15 11 11 11 0 0 0 0 0 0 0 0 15 15 0 0 0 0 0 0 0 0 0 0 0 0 0 0 0 0 0 0 0 0 0 0 0 0 0 0 0 0 0 0 0 0 0 0 0 0 0 0 0 17 17 17 17 17 17 17 17 5 5 5 0 17 17 0 0 0 0 0 0 0 0 0 0 0 0 0 0 0 17 0 0 0 17 0 0 17 17 17 17 17 0 0 0 17 0 0 0 0 0 0 0 0 0 0 0 0 0 0 0 0 0 0 0 0 0 0 0 17 17 1 0 16 0 0 0 0 0 0 0 0 0 0 0 0 0 0 0 0 0 0 0 0 0 0 0 0 0 0 0 0 0 0 0 0 0 0 0 0 0 0 0 0 0 0 0 0 0 0 0 0 0 0 0 0 0 0 0 0 0 0 0 0 0 0 1 1 0 1 1 2 1 1 1 0 0 1 0 1 0 1 0 1 0 1 1 1 0 1 0 1 1 0 1 1 1 0 0 1 0 0 1 1 1 0 0 0 0 0 0 0 0 0 0 0 0 0 0 0 0 0 0 0 0 0 0 0 0 0 0 0 0 0 0 0 0 0 0 0 0 0 0 0 0 0 0 0 0 0 0 0 0 0 0 0 0 0 0 0 0 0 0 0 0 0 0 0 0 0 0 0 0 0 0 0 0 0 0 0 0 0 0 0 0 0 0 0 0 0 0 0 0 0 0 0 0 0 0 0 0 0 0 0 0 0 0 0 0 0 0 0 0 0 4 0 0 0 0 0 0 0 0 0 0 0 0 0 0 0 0 0 0 0 0 0 0 0 0 0 0 0 0 4 4 1 1 2 1 1 1 0 0 4 0 0 0 0 0 0 0 0 0 0 0 0 0 0 0 0 0 0 0 0 0 0 0 0 0 0 0 0 0 0 0 0 0 0 0 0 0 0 0 0 0 0 0 0 0 0 0 0 0 0 1 1 1 0 1 1 3 2 0 0 0 0 0 0 2 0 2 0 1 0 1 0 0 0 1 0 0 0 0 0 0 0 0 0 0 0 0 0 0 0 0 0 0 0 0 0 0 0 0 0 0 0 0 0 0 0 0 0 0 0 0 0 0 0 0 0 0 0 0 0 0 0 0 0 0 0 0 0 0 0 0 0 0 0 0 0 0 0 0 0 0 0 0 0 0 0 0 0 0 0 0 0 1 1 0 0 0 0 0 1 1 1 
107:/Users/aric.hasting/.luaver/luarocks/2.4.4_5.1/share/lua/5.1/moonscript/transform/statements.lua
0 0 0 0 0 0 0 0 0 0 14 0 0 0 0 0 14 14 14 0 0 0 0 0 14 14 14 0 0 0 0 0 0 0 14 14 14 14 14 0 0 14 14 0 0 14 0 0 0 14 14 0 0 0 14 14 52 38 14 14 14 0 14 0 24 0 38 0 14 14 0 0 0 29 29 0 0 0 12 12 0 14 14 0 0 0 14 1 1 13 2 0 0 2 0 0 11 0 0 11 11 0 11 0 0 12 12 
42:/Users/aric.hasting/.luaver/luarocks/2.4.4_5.1/share/lua/5.1/moonscript/transform/transformer.lua
0 0 0 0 0 0 0 16 0 0 16 16 16 16 0 0 0 0 0 213 17 0 196 0 212 212 212 93 0 119 0 212 196 0 16 0 0 0 0 0 213 60 
235:/Users/aric.hasting/.luaver/luarocks/2.4.4_5.1/share/lua/5.1/moonscript/transform/value.lua
0 0 0 0 0 0 0 0 0 0 0 0 0 0 0 0 0 0 0 0 0 0 0 0 0 0 0 0 0 0 0 0 0 0 0 0 0 0 0 0 0 0 0 17 17 0 0 0 0 0 0 0 0 0 0 0 0 0 0 0 0 0 0 17 17 17 17 0 0 0 0 0 0 0 0 0 0 0 0 0 0 0 0 0 0 0 0 0 0 0 0 0 0 0 0 0 0 0 0 0 0 0 0 0 0 0 0 0 0 0 0 0 0 0 0 0 0 0 0 0 0 0 0 0 0 0 0 0 0 0 0 0 0 0 0 10 10 10 20 11 10 10 10 10 0 0 0 0 0 0 0 0 0 0 0 0 0 0 0 0 0 0 0 0 0 0 93 64 64 0 0 0 0 0 0 0 0 0 0 29 0 0 0 0 0 29 0 0 0 0 0 0 0 0 0 0 0 0 0 0 0 0 0 0 0 0 0 0 0 0 0 0 0 0 0 0 0 0 0 0 0 0 0 0 0 0 0 0 0 0 0 0 0 0 29 
305:/Users/aric.hasting/.luaver/luarocks/2.4.4_5.1/share/lua/5.1/moonscript/types.lua
0 0 0 0 0 0 0 0 0 0 0 0 0 0 0 0 0 0 0 0 0 0 0 0 0 0 0 750 750 0 750 739 0 11 0 0 0 0 0 0 14 14 0 0 14 0 0 0 0 6 0 0 6 0 0 0 11 11 11 0 0 0 0 0 0 0 0 0 0 0 0 0 0 0 0 0 0 0 0 0 0 0 0 0 0 0 0 0 0 0 0 0 0 0 0 0 0 0 0 0 0 0 0 0 0 0 0 0 0 0 0 0 0 0 0 0 0 0 0 0 0 0 0 0 0 0 0 0 0 0 0 0 0 0 0 0 0 0 0 0 0 0 0 0 0 0 0 0 0 0 0 0 0 0 0 0 0 0 0 0 0 0 0 0 0 0 0 0 0 0 0 0 0 0 0 0 0 0 0 0 0 0 0 0 0 0 0 0 0 0 0 0 0 0 0 0 0 0 0 0 0 0 0 0 0 0 0 4 0 0 4 4 0 4 0 0 0 0 0 0 0 0 0 0 0 0 0 0 0 0 0 0 0 0 0 0 0 0 0 0 0 0 0 0 0 0 0 0 0 0 0 0 0 0 0 0 1 1 0 0 0 0 0 1 1 0 1 2 1 1 0 1 0 0 0 0 0 0 0 0 0 4 4 4 0 25 25 0 0 0 4 0 24 24 0 24 4 0 4 4 0 0 0 0 13 
188:/Users/aric.hasting/.luaver/luarocks/2.4.4_5.1/share/lua/5.1/moonscript/util.lua
0 0 0 0 0 0 0 0 0 0 0 0 0 0 0 0 0 0 0 0 0 0 1832 1832 442 442 412 0 0 1420 0 0 0 0 16 102 86 0 16 0 0 0 77 0 0 0 0 0 0 0 0 0 0 0 0 0 0 0 0 0 0 0 0 0 0 0 0 0 0 0 0 0 0 0 0 0 0 0 0 0 0 0 0 0 0 0 0 0 0 0 0 0 0 0 0 0 0 0 0 0 0 0 0 0 0 0 0 0 0 0 0 0 0 0 0 0 0 0 0 0 0 0 0 0 0 0 0 0 0 0 0 0 0 0 0 0 0 0 0 0 0 0 0 0 0 0 0 0 0 0 0 0 0 0 0 0 0 0 0 0 0 0 0 0 0 0 0 0 0 0 0 0 0 0 0 0 0 0 0 0 2 2 2 0 0 0 0 2 
565:/Users/aric.hasting/.luaver/luarocks/2.4.4_5.1/share/lua/5.1/pl/List.lua
0 0 0 0 0 0 0 0 0 0 0 0 0 0 0 0 0 0 0 0 1 1 1 1 1 1 1 0 1 1 0 0 1 1 0 1 0 1 0 0 0 0 0 0 0 0 1 0 0 0 1 0 1 0 1 0 1 0 0 0 0 0 0 1 0 0 0 0 0 0 0 0 0 0 0 0 1 0 0 0 0 1 0 0 0 1 0 0 0 0 1 0 0 1 0 1 0 0 0 0 0 1 0 0 0 1 0 0 0 0 0 0 1 0 0 0 1 0 0 0 0 1 0 1 0 0 0 0 0 1 0 0 0 1 0 0 0 0 0 0 0 1 0 0 0 0 1 0 0 0 0 0 0 1 0 0 0 1 0 1 0 0 0 0 0 0 0 0 1 1 0 0 0 0 1 0 1 0 0 0 0 1 0 0 0 0 0 1 0 0 0 0 1 0 0 0 1 0 0 0 0 1 0 1 0 0 0 1 0 0 0 0 0 0 0 1 0 0 0 0 1 0 0 0 0 0 0 0 1 0 0 0 0 0 0 0 0 1 0 1 0 0 0 1 0 0 1 0 1 0 0 0 0 0 0 0 0 0 0 0 1 0 0 0 0 0 0 0 0 0 0 0 0 0 0 0 1 0 0 1 0 1 0 0 0 0 0 0 0 0 1 0 1 0 0 0 0 0 0 0 1 0 0 0 0 0 0 0 0 1 0 0 0 0 0 0 1 0 0 0 0 0 0 1 0 0 0 0 0 1 0 0 0 0 1 0 0 0 0 0 1 0 0 0 0 0 1 0 0 0 0 0 1 0 0 0 1 0 0 0 0 0 0 1 0 0 0 0 0 0 0 1 0 0 0 0 1 0 1 0 0 0 0 1 0 0 0 0 1 0 0 0 0 0 1 0 0 0 0 1 0 0 0 0 0 1 0 0 0 0 0 1 0 1 0 0 0 0 0 0 1 0 0 1 0 0 0 0 0 0 0 0 1 0 1 0 0 0 0 0 0 1 0 0 1 0 0 0 0 0 0 0 0 1 0 1 0 0 0 0 0 0 0 1 0 0 0 0 0 0 0 1 0 0 0 0 0 1 0 1 0 0 0 0 0 0 0 0 0 0 0 1 0 1 0 0 0 0 0 1 0 1 0 0 0 0 0 0 0 0 1 0 0 0 0 0 0 0 0 0 0 1 0 0 1 0 1 0 0 0 0 0 0 0 1 0 0 0 0 0 0 0 0 0 0 0 0 0 0 0 0 0 0 0 0 0 0 0 0 0 0 1 1 0 1 
214:/Users/aric.hasting/.luaver/luarocks/2.4.4_5.1/share/lua/5.1/pl/class.lua
0 0 0 0 0 0 0 0 0 0 0 0 0 0 0 0 0 0 0 0 0 0 0 0 0 0 0 0 0 0 0 0 0 0 0 0 0 0 0 0 0 0 0 0 0 0 0 0 0 0 0 0 0 0 0 0 0 0 0 0 0 0 0 0 0 0 0 0 0 0 0 0 0 0 0 0 0 0 0 0 0 0 0 0 0 0 0 0 0 0 0 0 0 0 0 0 0 0 0 0 0 0 0 0 0 0 0 0 0 0 0 0 0 0 0 0 0 0 0 0 0 0 0 0 1 0 1 1 0 0 0 1 0 0 1 0 0 0 0 0 0 1 0 0 0 1 1 1 1 0 0 1 0 0 0 0 0 0 0 0 0 0 0 0 0 0 0 0 0 0 0 0 0 0 0 0 0 0 1 0 0 0 0 0 0 0 0 1 1 1 1 1 0 1 1 0 0 1 0 0 0 0 0 0 0 0 0 0 0 0 0 0 0 1 
471:/Users/aric.hasting/.luaver/luarocks/2.4.4_5.1/share/lua/5.1/pl/dir.lua
0 0 0 0 0 0 0 1 1 1 1 1 1 1 1 1 1 1 1 1 0 1 0 0 1 1 0 0 1 2 0 0 1 1 1 0 0 0 0 0 0 0 0 0 0 1 0 0 0 1 0 0 0 0 0 0 1 0 0 0 0 0 0 0 0 1 0 0 0 0 0 0 0 0 0 0 0 0 0 0 1 0 0 0 0 0 0 1 0 0 0 0 0 0 0 0 0 0 1 0 0 0 0 0 1 0 0 1 0 1 0 0 0 0 0 0 0 0 0 0 0 0 0 0 1 0 0 0 0 0 0 0 0 0 0 0 0 0 0 0 0 0 0 0 0 0 0 0 0 0 0 0 0 0 0 0 0 0 0 0 0 0 0 0 0 0 0 0 0 0 0 0 0 0 0 0 0 0 0 0 0 0 1 0 0 0 1 0 0 0 0 0 0 0 0 0 0 0 0 0 0 0 0 0 0 0 0 0 0 0 0 0 0 0 0 0 0 0 0 0 0 0 0 0 0 0 0 1 0 0 0 0 0 0 0 1 0 0 0 0 1 0 0 0 0 0 0 1 0 0 0 1 0 0 0 0 0 0 0 0 0 0 0 0 0 0 0 0 1 0 0 0 0 0 0 0 0 0 1 0 0 0 0 0 0 0 0 0 0 0 0 0 0 1 0 0 0 0 0 0 0 0 1 0 0 0 0 0 0 1 0 0 0 0 0 0 0 0 0 0 0 1 0 1 1 0 0 1 0 0 1 0 0 0 0 0 0 0 0 0 0 0 0 0 1 0 0 0 0 0 0 1 0 0 1 0 0 0 0 0 0 0 0 0 0 0 0 0 0 1 0 0 0 0 0 0 0 0 0 0 0 0 0 0 0 0 0 0 0 0 0 0 0 0 0 0 0 0 0 0 0 0 0 0 0 0 0 0 0 0 0 1 0 0 0 0 0 1 1 1 1 0 1 1 0 0 0 0 4 3 1 1 1 1 1 0 0 0 0 0 2 0 2 1 0 0 0 0 0 0 0 0 1 1 1 0 1 1 2 1 1 1 1 0 0 0 0 1 1 0 1 
274:/Users/aric.hasting/.luaver/luarocks/2.4.4_5.1/share/lua/5.1/pl/path.lua
0 0 0 0 0 0 0 0 0 0 0 0 0 0 0 0 0 0 0 0 0 0 0 0 0 0 0 0 0 0 0 0 0 0 0 0 0 0 0 0 0 0 0 0 0 0 0 0 0 0 0 0 0 0 3 3 0 0 3 0 0 0 0 0 1 1 0 0 0 0 0 0 0 0 0 0 0 0 0 0 0 0 0 0 0 0 0 0 0 0 1 1 0 0 0 0 0 0 0 0 0 0 0 0 0 0 0 0 0 0 0 0 0 0 0 0 154 0 0 0 0 0 0 0 0 0 0 0 0 0 0 0 0 0 0 0 0 0 0 0 0 0 0 0 0 0 0 0 11 11 11 144 133 133 0 11 0 0 11 0 0 0 0 0 0 0 0 0 0 0 0 0 0 0 0 0 0 0 0 0 0 0 0 0 0 0 2 2 2 10 8 0 0 8 8 0 2 0 0 2 0 0 0 0 0 0 10 10 10 0 0 0 0 0 1 1 1 0 0 0 0 0 2 2 2 0 0 0 0 0 0 0 0 0 0 0 0 0 0 0 0 0 0 0 0 0 0 0 0 0 0 0 0 0 0 0 0 0 0 0 0 0 0 0 0 0 0 0 0 2 2 0 0 2 
820:/Users/aric.hasting/.luaver/luarocks/2.4.4_5.1/share/lua/5.1/pl/tablex.lua
0 0 0 0 0 0 0 0 0 0 0 0 0 0 0 0 0 0 0 0 0 2 2 0 0 0 0 0 0 0 0 0 0 0 0 0 0 0 2 0 0 2 0 0 2 0 0 2 0 0 0 0 0 0 0 0 0 0 0 0 0 0 0 0 0 0 0 0 0 0 0 0 0 0 0 0 0 0 0 0 0 0 0 0 0 0 0 0 0 2 2 127 125 0 2 0 0 0 0 0 0 0 0 0 0 0 0 0 0 0 0 0 0 0 0 0 0 0 0 0 0 0 0 0 0 0 0 0 0 0 0 0 0 0 0 0 0 0 0 0 0 0 0 0 0 0 0 0 0 0 0 0 0 0 0 0 0 0 0 0 0 0 0 0 0 0 0 0 0 0 0 0 0 0 0 0 0 0 0 0 0 0 0 0 0 0 0 0 0 0 0 0 0 0 0 0 0 0 0 0 0 0 0 0 0 0 0 0 0 0 0 0 0 0 0 0 0 0 0 0 0 0 0 0 0 0 0 0 0 0 0 0 0 0 0 0 0 0 0 0 0 0 0 0 0 0 0 0 0 0 0 0 0 0 0 0 0 0 0 0 0 0 0 0 0 0 0 0 0 0 0 0 0 0 0 0 0 0 0 0 0 0 0 0 0 0 0 0 0 0 0 0 0 0 0 0 0 0 0 0 0 0 0 0 0 0 0 0 0 0 0 0 0 0 0 0 0 0 0 0 0 0 0 0 0 0 0 0 0 0 0 0 0 0 0 0 0 0 0 0 0 0 0 0 0 0 0 0 0 0 0 0 0 0 0 0 0 0 0 0 0 0 0 0 0 0 0 0 0 0 0 0 0 0 0 0 0 0 0 0 0 0 0 0 0 0 0 0 0 0 0 0 0 0 0 0 0 0 0 0 0 0 0 0 0 0 0 0 0 0 0 0 0 0 0 0 0 0 0 0 0 0 0 0 0 0 0 0 0 0 0 0 0 0 0 0 0 0 0 0 0 0 0 0 0 0 0 0 0 0 0 0 0 0 0 0 0 0 0 0 0 0 0 0 0 0 0 0 0 0 0 0 0 0 0 0 0 0 0 0 0 0 0 0 0 0 0 0 0 0 0 0 0 0 0 0 0 0 0 0 0 0 0 0 0 0 0 0 0 0 0 0 0 0 0 0 0 0 0 0 0 0 0 0 0 0 0 0 0 0 0 0 0 0 0 0 0 0 0 0 0 0 0 0 0 0 0 0 0 0 0 0 0 0 0 0 0 0 0 0 0 0 0 0 0 0 0 0 0 0 0 0 0 0 0 0 0 0 0 0 0 0 0 0 0 0 0 0 0 0 0 0 0 0 0 0 0 0 0 0 0 0 0 0 0 0 0 0 0 0 0 0 0 0 0 0 0 0 0 0 0 0 0 0 0 0 0 0 0 0 0 0 0 0 0 0 0 0 0 0 0 0 0 0 0 0 0 0 0 0 0 0 0 0 0 2 2 2 4 2 2 2 2 0 0 2 0 0 0 0 0 0 0 0 0 0 0 0 0 0 0 0 0 0 0 0 0 0 0 0 0 0 0 0 0 0 0 0 0 0 0 0 0 0 0 0 0 0 0 0 0 0 0 0 0 0 0 0 0 0 0 0 0 0 0 0 0 0 0 0 0 0 0 0 0 0 0 0 0 0 0 0 0 0 0 0 0 0 0 0 0 0 0 0 0 0 0 0 0 0 0 0 0 0 0 0 0 0 0 0 0 0 0 0 0 0 0 0 0 0 0 0 0 0 0 0 0 0 0 0 0 0 0 0 0 0 0 0 0 0 0 0 0 1 1 1 1 0 0 0 1 1 0 0 1 2 1 0 0 1 
83:/Users/aric.hasting/.luaver/luarocks/2.4.4_5.1/share/lua/5.1/pl/types.lua
0 0 0 0 0 0 0 0 0 0 0 0 0 0 0 0 0 0 0 0 0 0 0 0 0 0 0 0 0 0 0 0 0 0 0 0 0 0 0 0 0 0 0 0 0 0 0 0 0 0 0 0 0 0 0 0 0 0 0 0 0 0 0 0 0 0 4 0 0 0 0 0 0 2 2 0 0 0 0 0 0 2 2 
442:/Users/aric.hasting/.luaver/luarocks/2.4.4_5.1/share/lua/5.1/pl/utils.lua
0 0 0 0 0 0 0 0 0 0 0 0 0 0 0 0 0 0 0 0 0 0 0 0 0 0 0 0 0 0 0 0 0 0 0 0 0 0 0 0 0 0 0 0 0 0 0 0 0 0 0 0 0 0 0 0 0 0 0 0 0 0 0 0 0 0 0 0 0 0 0 0 0 0 0 0 0 0 0 0 0 0 0 0 0 0 0 0 0 0 0 0 0 0 0 0 0 0 0 0 0 0 1 1 0 0 0 0 0 0 0 0 0 0 0 0 0 0 0 0 0 0 0 0 0 0 0 0 0 0 0 0 0 0 0 0 0 0 0 0 0 0 0 0 0 0 0 0 0 0 0 0 0 0 0 0 0 0 0 0 0 0 0 0 0 0 0 0 0 0 0 0 0 0 0 0 0 0 0 0 0 0 0 0 0 0 0 0 0 0 0 0 0 0 0 0 0 0 0 0 0 0 0 0 0 0 0 0 0 0 0 0 0 0 0 0 0 0 0 0 0 0 0 0 0 0 0 0 0 0 0 0 0 0 0 0 0 0 0 0 0 0 0 0 0 0 0 0 0 0 0 0 0 0 0 0 0 0 0 0 0 0 0 0 0 0 0 0 0 0 0 0 0 0 0 0 0 0 0 0 0 0 0 0 0 0 0 0 0 0 0 0 0 0 0 0 0 0 0 0 0 0 0 0 0 0 0 0 0 0 0 0 0 0 0 0 0 0 0 0 0 0 0 0 0 0 0 0 0 0 0 0 0 0 0 0 0 0 0 0 0 0 0 0 0 0 0 0 0 0 0 0 0 0 0 0 0 0 0 0 0 0 0 0 2 2 2 0 0 0 0 0 0 0 0 0 0 0 0 0 0 0 0 0 0 0 0 0 0 0 0 0 0 0 0 0 0 0 0 0 0 0 0 0 0 0 0 0 0 0 0 0 0 0 0 0 0 0 0 0 0 0 0 0 0 0 0 38 0 0 38 0 0 38 0 0 0 0 0 0 34 34 
48:/Users/aric.hasting/.luaver/luarocks/2.4.4_5.1/share/lua/5.1/say/init.lua
0 0 0 0 0 0 0 0 0 0 0 0 0 1 1 0 0 1 0 0 0 0 0 0 0 0 0 18 18 0 0 0 0 13 0 13 0 13 0 0 13 13 0 29 16 0 0 13 
39:/Users/aric.hasting/.luaver/luarocks/2.4.4_5.1/share/lua/5.1/term/colors.lua
0 0 0 0 0 0 0 0 0 0 0 0 0 0 0 0 0 0 0 0 0 0 0 0 0 0 0 0 0 0 18 0 0 0 18 0 0 0 9 
56:spec/combine_spec.moon
0 1 2 2 1 1 2 1 1 1 0 1 1 2 1 1 1 0 1 1 0 1 2 1 1 1 1 2 1 1 1 0 1 1 0 1 2 1 1 1 2 1 1 1 1 2 1 1 1 0 1 2 1 1 1 1 
